%!Adobe-FontList 1.14
%Locale:0x409

%BeginFont
Handler:DirectoryHandler
FontType:Type1
FontName:Cabin-Regular
FamilyName:Cabin
StyleName:Regular
FullName:Cabin Regular
MenuName:Cabin
StyleBits:0
WritingScript:Roman
OutlineFileName:H:\GitHub\SciServer-Media-Arsenal\diagrams\sciserver-components-figure\sciserver-components-figure\Document fonts\Cabin-Regular.otf
DataFormat:sfntData
UsesStandardEncoding:yes
isCFF:yes
FileLength:55824
FileModTime:1396895630
WeightClass:400
WidthClass:5
AngleClass:0
%EndFont

%BeginFont
Handler:DirectoryHandler
FontType:TrueType
FontName:QuarkBold
FamilyName:QuarkBold
StyleName:Bold
FullName:Quark-Bold
MenuName:QuarkBold
StyleBits:2
WritingScript:Roman
OutlineFileName:H:\GitHub\SciServer-Media-Arsenal\diagrams\sciserver-components-figure\sciserver-components-figure\Document fonts\quark-bold.ttf
DataFormat:sfntData
FileLength:76744
FileModTime:1438340274
WeightClass:700
WidthClass:5
AngleClass:0
%EndFont

