%!Adobe-FontList 1.14
%Locale:0x409

%BeginFont
Handler:DirectoryHandler
FontType:Type1
FontName:Quark-Bold
FamilyName:Quark
StyleName:Bold
MenuName:Quark
StyleBits:2
WeightClass:700
WidthClass:5
AngleClass:0
FullName:Quark Bold
WritingScript:Roman
OutlineFileName:\Quark-Bold.otf
DataFormat:sfntData
UsesStandardEncoding:yes
isCFF:yes
FileLength:97072
FileModTime:1489661104
%EndFont

%BeginFont
Handler:DirectoryHandler
FontType:TrueType
FontName:QuarkLight
FamilyName:QuarkLight
StyleName:Light
MenuName:QuarkLight
StyleBits:0
WeightClass:300
WidthClass:5
AngleClass:0
FullName:Quark-Light
WritingScript:Roman
OutlineFileName:\quark-light.ttf
DataFormat:sfntData
FileLength:78148
FileModTime:1489661104
%EndFont

